<?xml version="1.0" encoding="UTF-8"?>
<!-- Generated by org.testng.reporters.JUnitReportReporter -->
<testsuite skipped="0" hostname="rajat-PC" name="runner.TestExample" tests="5" failures="0" timestamp="03 Jan 2019 15:15:42 GMT" time="0.095" errors="0">
  <testcase name="test1" time="0.041" classname="runner.TestExample"/>
  <testcase name="test1" time="0.037" classname="runner.TestExample"/>
  <testcase name="test1" time="0.015" classname="runner.TestExample"/>
  <testcase name="test1" time="0.001" classname="runner.TestExample"/>
  <testcase name="test1" time="0.001" classname="runner.TestExample"/>
</testsuite> <!-- runner.TestExample -->
