<?xml version="1.0" encoding="UTF-8"?>
<!-- Generated by org.testng.reporters.JUnitReportReporter -->
<testsuite skipped="1" hostname="rajat-PC" name="runner.MultipleTest" tests="4" failures="0" timestamp="03 Jan 2019 15:23:14 GMT" time="0.032" errors="0">
  <testcase name="One" time="0.014" classname="runner.MultipleTest"/>
  <testcase name="Two" time="0.012" classname="runner.MultipleTest"/>
  <testcase name="Four" time="0.006" classname="runner.MultipleTest"/>
  <testcase name="Three" classname="runner.MultipleTest">
    <skipped/>
  </testcase> <!-- Three -->
</testsuite> <!-- runner.MultipleTest -->
